<?xml version="1.0" encoding="UTF-8"?>
<!-- Generated by org.testng.reporters.JUnitXMLReporter -->
<testsuite hostname="omgindia244" name="Default test" tests="5" failures="0" timestamp="18 Sep 2019 09:33:08 GMT" time="14.852" errors="0">
  <testcase name="Login" time="7.127" classname="com.test.TestNgFeatures"/>
  <testcase name="loginTest" time="7.656" classname="com.test.TestNgFeatures"/>
  <testcase name="HomePageTest" time="0.001" classname="com.test.TestNgFeatures"/>
  <testcase name="RegisPageTest" time="0.001" classname="com.test.TestNgFeatures"/>
  <testcase name="SearchPageTest" time="0.002" classname="com.test.TestNgFeatures"/>
</testsuite> <!-- Default test -->
