<?xml version="1.0" encoding="UTF-8"?>
<!-- Generated by org.testng.reporters.JUnitXMLReporter -->
<testsuite hostname="DESKTOP-M990OIV" name="Default test" tests="9" failures="0" timestamp="3 Jun 2021 08:52:24 GMT" time="25.325" errors="0">
  <testcase name="searchBook" time="1.985" classname="com.test.AmazonBookBuyTest"/>
  <testcase name="checkKindleformat" time="5.433" classname="com.test.AmazonBookBuyTest"/>
  <testcase name="verifyAllElements" time="0.166" classname="com.test.AmazonBookBuyTest"/>
  <testcase name="correctUserdetails" time="3.959" classname="com.test.AmazonBookBuyTest"/>
  <testcase name="emptyCustomerName" time="0.683" classname="com.test.AmazonBookBuyTest"/>
  <testcase name="emptyemail" time="1.197" classname="com.test.AmazonBookBuyTest"/>
  <testcase name="invalidemail" time="4.13" classname="com.test.AmazonBookBuyTest"/>
  <testcase name="withoutPassword" time="0.724" classname="com.test.AmazonBookBuyTest"/>
  <testcase name="invalidPassword" time="1.492" classname="com.test.AmazonBookBuyTest"/>
</testsuite> <!-- Default test -->
