<?xml version="1.0" encoding="UTF-8"?>
<!-- Generated by org.testng.reporters.JUnitXMLReporter -->
<testsuite hostname="omgindia244" name="Test" tests="5" failures="1" timestamp="19 Sep 2019 08:53:19 GMT" time="84.896" errors="0">
  <testcase name="test" time="0.027" classname="com.excel.utility.ExcelReader">
    <failure type="java.io.FileNotFoundException" message="C:\Users\ajeet.yadav\Desktop\TestData.xlsx (The system cannot find the path specified)">
      <![CDATA[java.io.FileNotFoundException: C:\Users\ajeet.yadav\Desktop\TestData.xlsx (The system cannot find the path specified)
	at java.io.FileInputStream.open0(Native Method)
	at java.io.FileInputStream.open(Unknown Source)
	at java.io.FileInputStream.<init>(Unknown Source)
	at com.excel.utility.ExcelReader.exceldata(ExcelReader.java:19)
	at com.excel.utility.ExcelReader.test(ExcelReader.java:72)
	at java.util.concurrent.ThreadPoolExecutor.runWorker(Unknown Source)
	at java.util.concurrent.ThreadPoolExecutor$Worker.run(Unknown Source)
	at java.lang.Thread.run(Unknown Source)
... Removed 10 stack frames]]>
    </failure>
  </testcase> <!-- test -->
  <testcase name="halfEbayRegistrationPageTest" time="2.256" classname="com.datadriven.test.HalfEbayTest"/>
  <testcase name="halfEbayRegistrationPageTest" time="1.289" classname="com.datadriven.test.HalfEbayTest"/>
  <testcase name="halfEbayRegistrationPageTest" time="1.557" classname="com.datadriven.test.HalfEbayTest"/>
  <testcase name="halfEbayRegistrationPageTest" time="1.083" classname="com.datadriven.test.HalfEbayTest"/>
</testsuite> <!-- Test -->
