<?xml version="1.0" encoding="UTF-8"?>
<!-- Generated by org.testng.reporters.JUnitXMLReporter -->
<testsuite hostname="omgindia244" name="Test" tests="4" failures="0" timestamp="24 Oct 2019 09:25:54 GMT" time="18.692" errors="0">
  <testcase name="mobileSignCarLoan" time="0.008" classname="com.parameters.ParameterTest"/>
  <testcase name="mobileSignCarLoan" time="0.001" classname="com.parameters.ParameterTest"/>
  <testcase name="mobileSignCarLoan" time="0.001" classname="com.parameters.ParameterTest"/>
  <testcase name="yahooLoginTest" time="18.659" classname="com.parameters.ParameterTest"/>
</testsuite> <!-- Test -->
