<?xml version="1.0" encoding="UTF-8"?>
<testng-results skipped="0" failed="0" total="9" passed="9">
  <reporter-output>
  </reporter-output>
  <suite name="Default suite" duration-ms="25325" started-at="2021-06-03T08:51:59Z" finished-at="2021-06-03T08:52:24Z">
    <groups>
    </groups>
    <test name="Default test" duration-ms="25325" started-at="2021-06-03T08:51:59Z" finished-at="2021-06-03T08:52:24Z">
      <class name="com.test.AmazonBookBuyTest">
        <test-method status="PASS" signature="setup()[pri:0, instance:com.test.AmazonBookBuyTest@2a18f23c]" name="setup" is-config="true" duration-ms="5541" started-at="2021-06-03T14:21:59Z" finished-at="2021-06-03T14:22:04Z">
          <reporter-output>
          </reporter-output>
        </test-method> <!-- setup -->
        <test-method status="PASS" signature="searchBook()[pri:1, instance:com.test.AmazonBookBuyTest@2a18f23c]" name="searchBook" duration-ms="1985" started-at="2021-06-03T14:22:04Z" finished-at="2021-06-03T14:22:06Z">
          <reporter-output>
          </reporter-output>
        </test-method> <!-- searchBook -->
        <test-method status="PASS" signature="checkKindleformat()[pri:0, instance:com.test.AmazonBookBuyTest@2a18f23c]" name="checkKindleformat" duration-ms="5433" started-at="2021-06-03T14:22:06Z" depends-on-methods="com.test.AmazonBookBuyTest.searchBook" finished-at="2021-06-03T14:22:12Z">
          <reporter-output>
          </reporter-output>
        </test-method> <!-- checkKindleformat -->
        <test-method status="PASS" signature="verifyAllElements()[pri:0, instance:com.test.AmazonBookBuyTest@2a18f23c]" name="verifyAllElements" duration-ms="166" started-at="2021-06-03T14:22:12Z" depends-on-methods="com.test.AmazonBookBuyTest.checkKindleformat" finished-at="2021-06-03T14:22:12Z">
          <reporter-output>
          </reporter-output>
        </test-method> <!-- verifyAllElements -->
        <test-method status="PASS" signature="correctUserdetails()[pri:0, instance:com.test.AmazonBookBuyTest@2a18f23c]" name="correctUserdetails" duration-ms="3959" started-at="2021-06-03T14:22:12Z" depends-on-methods="com.test.AmazonBookBuyTest.verifyAllElements" finished-at="2021-06-03T14:22:16Z">
          <reporter-output>
          </reporter-output>
        </test-method> <!-- correctUserdetails -->
        <test-method status="PASS" signature="emptyCustomerName()[pri:0, instance:com.test.AmazonBookBuyTest@2a18f23c]" name="emptyCustomerName" duration-ms="683" started-at="2021-06-03T14:22:16Z" depends-on-methods="com.test.AmazonBookBuyTest.correctUserdetails" finished-at="2021-06-03T14:22:16Z">
          <reporter-output>
          </reporter-output>
        </test-method> <!-- emptyCustomerName -->
        <test-method status="PASS" signature="emptyemail()[pri:0, instance:com.test.AmazonBookBuyTest@2a18f23c]" name="emptyemail" duration-ms="1197" started-at="2021-06-03T14:22:16Z" depends-on-methods="com.test.AmazonBookBuyTest.emptyCustomerName" finished-at="2021-06-03T14:22:18Z">
          <reporter-output>
          </reporter-output>
        </test-method> <!-- emptyemail -->
        <test-method status="PASS" signature="invalidemail()[pri:0, instance:com.test.AmazonBookBuyTest@2a18f23c]" name="invalidemail" duration-ms="4130" started-at="2021-06-03T14:22:18Z" depends-on-methods="com.test.AmazonBookBuyTest.emptyemail" finished-at="2021-06-03T14:22:22Z">
          <reporter-output>
          </reporter-output>
        </test-method> <!-- invalidemail -->
        <test-method status="PASS" signature="withoutPassword()[pri:0, instance:com.test.AmazonBookBuyTest@2a18f23c]" name="withoutPassword" duration-ms="724" started-at="2021-06-03T14:22:22Z" depends-on-methods="com.test.AmazonBookBuyTest.invalidemail" finished-at="2021-06-03T14:22:22Z">
          <reporter-output>
          </reporter-output>
        </test-method> <!-- withoutPassword -->
        <test-method status="PASS" signature="invalidPassword()[pri:0, instance:com.test.AmazonBookBuyTest@2a18f23c]" name="invalidPassword" duration-ms="1492" started-at="2021-06-03T14:22:22Z" depends-on-methods="com.test.AmazonBookBuyTest.withoutPassword" finished-at="2021-06-03T14:22:24Z">
          <reporter-output>
          </reporter-output>
        </test-method> <!-- invalidPassword -->
      </class> <!-- com.test.AmazonBookBuyTest -->
    </test> <!-- Default test -->
  </suite> <!-- Default suite -->
</testng-results>
